# JRE version: OpenJDK Runtime Environment Temurin-21.0.8+9 (21.0.8+9) (build 21.0.8+9-LTS)
# Java VM: OpenJDK 64-Bit Server VM Temurin-21.0.8+9 (21.0.8+9-LTS, mixed mode, sharing, tiered, compressed oops, compressed class ptrs, parallel gc, windows-amd64)
GC Precious Log:
 CardTable entry size: 512
 CPUs: 8 total, 8 available
 Memory: 16243M
 Large Page Support: Disabled
 NUMA Support: Disabled
 Compressed Oops: Enabled (32-bit)
 Alignments: Space 512K, Generation 512K, Heap 2M
 Heap Min Capacity: 100M
 Heap Initial Capacity: 100M
 Heap Max Capacity: 2G
 Pre-touch: Disabled
 Parallel Workers: 8
Heap:
 PSYoungGen      total 2560K, used 586K [0x00000000d5580000, 0x00000000d5c00000, 0x0000000100000000)
  eden space 2048K, 17% used [0x00000000d5580000,0x00000000d55da820,0x00000000d5780000)
  from space 512K, 43% used [0x00000000d5b00000,0x00000000d5b38000,0x00000000d5b80000)
  to   space 512K, 0% used [0x00000000d5b80000,0x00000000d5b80000,0x00000000d5c00000)
 ParOldGen       total 519168K, used 518711K [0x0000000080000000, 0x000000009fb00000, 0x00000000d5580000)
  object space 519168K, 99% used [0x0000000080000000,0x000000009fa8df40,0x000000009fb00000)
 Metaspace       used 86803K, committed 88256K, reserved 1179648K
  class space    used 8611K, committed 9344K, reserved 1048576K
GC Heap History (20 events):
Event: 102664.901 GC heap before
{Heap before GC invocations=4707 (full 6):
 PSYoungGen      total 4096K, used 3888K [0x00000000d5580000, 0x00000000d5c80000, 0x0000000100000000)
  eden space 2048K, 100% used [0x00000000d5580000,0x00000000d5780000,0x00000000d5780000)
  from space 2048K, 89% used [0x00000000d5780000,0x00000000d594c000,0x00000000d5980000)
  to   space 2560K, 0% used [0x00000000d5a00000,0x00000000d5a00000,0x00000000d5c80000)
 ParOldGen       total 512000K, used 511865K [0x0000000080000000, 0x000000009f400000, 0x00000000d5580000)
  object space 512000K, 99% used [0x0000000080000000,0x000000009f3de670,0x000000009f400000)
 Metaspace       used 86801K, committed 88256K, reserved 1179648K
  class space    used 8610K, committed 9344K, reserved 1048576K
}
Event: 102664.916 GC heap after
{Heap after GC invocations=4707 (full 6):
 PSYoungGen      total 4096K, used 1990K [0x00000000d5580000, 0x00000000d5c00000, 0x0000000100000000)
  eden space 2048K, 0% used [0x00000000d5580000,0x00000000d5580000,0x00000000d5780000)
  from space 2048K, 97% used [0x00000000d5a00000,0x00000000d5bf18d0,0x00000000d5c00000)
  to   space 2048K, 0% used [0x00000000d5780000,0x00000000d5780000,0x00000000d5980000)
 ParOldGen       total 513536K, used 513257K [0x0000000080000000, 0x000000009f580000, 0x00000000d5580000)
  object space 513536K, 99% used [0x0000000080000000,0x000000009f53a670,0x000000009f580000)
 Metaspace       used 86801K, committed 88256K, reserved 1179648K
  class space    used 8610K, committed 9344K, reserved 1048576K
}
Event: 102665.031 GC heap before
{Heap before GC invocations=4708 (full 6):
 PSYoungGen      total 4096K, used 4038K [0x00000000d5580000, 0x00000000d5c00000, 0x0000000100000000)
  eden space 2048K, 100% used [0x00000000d5580000,0x00000000d5780000,0x00000000d5780000)
  from space 2048K, 97% used [0x00000000d5a00000,0x00000000d5bf18d0,0x00000000d5c00000)
  to   space 2048K, 0% used [0x00000000d5780000,0x00000000d5780000,0x00000000d5980000)
 ParOldGen       total 513536K, used 513257K [0x0000000080000000, 0x000000009f580000, 0x00000000d5580000)
  object space 513536K, 99% used [0x0000000080000000,0x000000009f53a670,0x000000009f580000)
 Metaspace       used 86801K, committed 88256K, reserved 1179648K
  class space    used 8610K, committed 9344K, reserved 1048576K
}
Event: 102665.046 GC heap after
{Heap after GC invocations=4708 (full 6):
 PSYoungGen      total 4096K, used 2048K [0x00000000d5580000, 0x00000000d6080000, 0x0000000100000000)
  eden space 2048K, 0% used [0x00000000d5580000,0x00000000d5580000,0x00000000d5780000)
  from space 2048K, 100% used [0x00000000d5780000,0x00000000d5980000,0x00000000d5980000)
  to   space 4608K, 0% used [0x00000000d5c00000,0x00000000d5c00000,0x00000000d6080000)
 ParOldGen       total 515584K, used 515191K [0x0000000080000000, 0x000000009f780000, 0x00000000d5580000)
  object space 515584K, 99% used [0x0000000080000000,0x000000009f71df40,0x000000009f780000)
 Metaspace       used 86801K, committed 88256K, reserved 1179648K
  class space    used 8610K, committed 9344K, reserved 1048576K
}
Event: 102672.086 GC heap before
{Heap before GC invocations=4709 (full 6):
 PSYoungGen      total 4096K, used 4096K [0x00000000d5580000, 0x00000000d6080000, 0x0000000100000000)
  eden space 2048K, 100% used [0x00000000d5580000,0x00000000d5780000,0x00000000d5780000)
  from space 2048K, 100% used [0x00000000d5780000,0x00000000d5980000,0x00000000d5980000)
  to   space 4608K, 0% used [0x00000000d5c00000,0x00000000d5c00000,0x00000000d6080000)
 ParOldGen       total 515584K, used 515191K [0x0000000080000000, 0x000000009f780000, 0x00000000d5580000)
  object space 515584K, 99% used [0x0000000080000000,0x000000009f71df40,0x000000009f780000)
 Metaspace       used 86801K, committed 88256K, reserved 1179648K
  class space    used 8610K, committed 9344K, reserved 1048576K
}
Event: 102672.102 GC heap after
{Heap after GC invocations=4709 (full 6):
 PSYoungGen      total 3584K, used 1456K [0x00000000d5580000, 0x00000000d5d80000, 0x0000000100000000)
  eden space 2048K, 0% used [0x00000000d5580000,0x00000000d5580000,0x00000000d5780000)
  from space 1536K, 94% used [0x00000000d5c00000,0x00000000d5d6c000,0x00000000d5d80000)
  to   space 2560K, 0% used [0x00000000d5880000,0x00000000d5880000,0x00000000d5b00000)
 ParOldGen       total 517632K, used 517215K [0x0000000080000000, 0x000000009f980000, 0x00000000d5580000)
  object space 517632K, 99% used [0x0000000080000000,0x000000009f917f40,0x000000009f980000)
 Metaspace       used 86801K, committed 88256K, reserved 1179648K
  class space    used 8610K, committed 9344K, reserved 1048576K
}
Event: 102672.160 GC heap before
{Heap before GC invocations=4710 (full 6):
 PSYoungGen      total 3584K, used 3504K [0x00000000d5580000, 0x00000000d5d80000, 0x0000000100000000)
  eden space 2048K, 100% used [0x00000000d5580000,0x00000000d5780000,0x00000000d5780000)
  from space 1536K, 94% used [0x00000000d5c00000,0x00000000d5d6c000,0x00000000d5d80000)
  to   space 2560K, 0% used [0x00000000d5880000,0x00000000d5880000,0x00000000d5b00000)
 ParOldGen       total 517632K, used 517215K [0x0000000080000000, 0x000000009f980000, 0x00000000d5580000)
  object space 517632K, 99% used [0x0000000080000000,0x000000009f917f40,0x000000009f980000)
 Metaspace       used 86801K, committed 88256K, reserved 1179648K
  class space    used 8610K, committed 9344K, reserved 1048576K
}
Event: 102672.173 GC heap after
{Heap after GC invocations=4710 (full 6):
 PSYoungGen      total 4608K, used 256K [0x00000000d5580000, 0x00000000d5c80000, 0x0000000100000000)
  eden space 2048K, 0% used [0x00000000d5580000,0x00000000d5580000,0x00000000d5780000)
  from space 2560K, 10% used [0x00000000d5880000,0x00000000d58c0000,0x00000000d5b00000)
  to   space 1024K, 0% used [0x00000000d5b80000,0x00000000d5b80000,0x00000000d5c80000)
 ParOldGen       total 518656K, used 518487K [0x0000000080000000, 0x000000009fa80000, 0x00000000d5580000)
  object space 518656K, 99% used [0x0000000080000000,0x000000009fa55f40,0x000000009fa80000)
 Metaspace       used 86801K, committed 88256K, reserved 1179648K
  class space    used 8610K, committed 9344K, reserved 1048576K
}
Event: 102681.040 GC heap before
{Heap before GC invocations=4711 (full 6):
 PSYoungGen      total 4608K, used 2304K [0x00000000d5580000, 0x00000000d5c80000, 0x0000000100000000)
  eden space 2048K, 100% used [0x00000000d5580000,0x00000000d5780000,0x00000000d5780000)
  from space 2560K, 10% used [0x00000000d5880000,0x00000000d58c0000,0x00000000d5b00000)
  to   space 1024K, 0% used [0x00000000d5b80000,0x00000000d5b80000,0x00000000d5c80000)
 ParOldGen       total 518656K, used 518487K [0x0000000080000000, 0x000000009fa80000, 0x00000000d5580000)
  object space 518656K, 99% used [0x0000000080000000,0x000000009fa55f40,0x000000009fa80000)
 Metaspace       used 86801K, committed 88256K, reserved 1179648K
  class space    used 8610K, committed 9344K, reserved 1048576K
}
Event: 102681.047 GC heap after
{Heap after GC invocations=4711 (full 6):
 PSYoungGen      total 2560K, used 480K [0x00000000d5580000, 0x00000000d5c00000, 0x0000000100000000)
  eden space 2048K, 0% used [0x00000000d5580000,0x00000000d5580000,0x00000000d5780000)
  from space 512K, 93% used [0x00000000d5b80000,0x00000000d5bf8000,0x00000000d5c00000)
  to   space 1024K, 0% used [0x00000000d5a00000,0x00000000d5a00000,0x00000000d5b00000)
 ParOldGen       total 518656K, used 518527K [0x0000000080000000, 0x000000009fa80000, 0x00000000d5580000)
  object space 518656K, 99% used [0x0000000080000000,0x000000009fa5ff40,0x000000009fa80000)
 Metaspace       used 86801K, committed 88256K, reserved 1179648K
  class space    used 8610K, committed 9344K, reserved 1048576K
}
Event: 102699.161 GC heap before
{Heap before GC invocations=4712 (full 6):
 PSYoungGen      total 2560K, used 2528K [0x00000000d5580000, 0x00000000d5c00000, 0x0000000100000000)
  eden space 2048K, 100% used [0x00000000d5580000,0x00000000d5780000,0x00000000d5780000)
  from space 512K, 93% used [0x00000000d5b80000,0x00000000d5bf8000,0x00000000d5c00000)
  to   space 1024K, 0% used [0x00000000d5a00000,0x00000000d5a00000,0x00000000d5b00000)
 ParOldGen       total 518656K, used 518527K [0x0000000080000000, 0x000000009fa80000, 0x00000000d5580000)
  object space 518656K, 99% used [0x0000000080000000,0x000000009fa5ff40,0x000000009fa80000)
 Metaspace       used 86801K, committed 88256K, reserved 1179648K
  class space    used 8610K, committed 9344K, reserved 1048576K
}
Event: 102699.168 GC heap after
{Heap after GC invocations=4712 (full 6):
 PSYoungGen      total 3072K, used 224K [0x00000000d5580000, 0x00000000d5c00000, 0x0000000100000000)
  eden space 2048K, 0% used [0x00000000d5580000,0x00000000d5580000,0x00000000d5780000)
  from space 1024K, 21% used [0x00000000d5a00000,0x00000000d5a38000,0x00000000d5b00000)
  to   space 512K, 0% used [0x00000000d5b80000,0x00000000d5b80000,0x00000000d5c00000)
 ParOldGen       total 518656K, used 518543K [0x0000000080000000, 0x000000009fa80000, 0x00000000d5580000)
  object space 518656K, 99% used [0x0000000080000000,0x000000009fa63f40,0x000000009fa80000)
 Metaspace       used 86801K, committed 88256K, reserved 1179648K
  class space    used 8610K, committed 9344K, reserved 1048576K
}
Event: 102707.323 GC heap before
{Heap before GC invocations=4713 (full 6):
 PSYoungGen      total 3072K, used 2272K [0x00000000d5580000, 0x00000000d5c00000, 0x0000000100000000)
  eden space 2048K, 100% used [0x00000000d5580000,0x00000000d5780000,0x00000000d5780000)
  from space 1024K, 21% used [0x00000000d5a00000,0x00000000d5a38000,0x00000000d5b00000)
  to   space 512K, 0% used [0x00000000d5b80000,0x00000000d5b80000,0x00000000d5c00000)
 ParOldGen       total 518656K, used 518543K [0x0000000080000000, 0x000000009fa80000, 0x00000000d5580000)
  object space 518656K, 99% used [0x0000000080000000,0x000000009fa63f40,0x000000009fa80000)
 Metaspace       used 86801K, committed 88256K, reserved 1179648K
  class space    used 8610K, committed 9344K, reserved 1048576K
}
Event: 102707.330 GC heap after
{Heap after GC invocations=4713 (full 6):
 PSYoungGen      total 2560K, used 192K [0x00000000d5580000, 0x00000000d5c00000, 0x0000000100000000)
  eden space 2048K, 0% used [0x00000000d5580000,0x00000000d5580000,0x00000000d5780000)
  from space 512K, 37% used [0x00000000d5b80000,0x00000000d5bb0000,0x00000000d5c00000)
  to   space 512K, 0% used [0x00000000d5b00000,0x00000000d5b00000,0x00000000d5b80000)
 ParOldGen       total 518656K, used 518591K [0x0000000080000000, 0x000000009fa80000, 0x00000000d5580000)
  object space 518656K, 99% used [0x0000000080000000,0x000000009fa6ff40,0x000000009fa80000)
 Metaspace       used 86801K, committed 88256K, reserved 1179648K
  class space    used 8610K, committed 9344K, reserved 1048576K
}
Event: 102707.372 GC heap before
{Heap before GC invocations=4714 (full 6):
 PSYoungGen      total 2560K, used 2240K [0x00000000d5580000, 0x00000000d5c00000, 0x0000000100000000)
  eden space 2048K, 100% used [0x00000000d5580000,0x00000000d5780000,0x00000000d5780000)
  from space 512K, 37% used [0x00000000d5b80000,0x00000000d5bb0000,0x00000000d5c00000)
  to   space 512K, 0% used [0x00000000d5b00000,0x00000000d5b00000,0x00000000d5b80000)
 ParOldGen       total 518656K, used 518591K [0x0000000080000000, 0x000000009fa80000, 0x00000000d5580000)
  object space 518656K, 99% used [0x0000000080000000,0x000000009fa6ff40,0x000000009fa80000)
 Metaspace       used 86801K, committed 88256K, reserved 1179648K
  class space    used 8610K, committed 9344K, reserved 1048576K
}
Event: 102707.384 GC heap after
{Heap after GC invocations=4714 (full 6):
 PSYoungGen      total 2560K, used 256K [0x00000000d5580000, 0x00000000d5c00000, 0x0000000100000000)
  eden space 2048K, 0% used [0x00000000d5580000,0x00000000d5580000,0x00000000d5780000)
  from space 512K, 50% used [0x00000000d5b00000,0x00000000d5b40000,0x00000000d5b80000)
  to   space 512K, 0% used [0x00000000d5b80000,0x00000000d5b80000,0x00000000d5c00000)
 ParOldGen       total 518656K, used 518639K [0x0000000080000000, 0x000000009fa80000, 0x00000000d5580000)
  object space 518656K, 99% used [0x0000000080000000,0x000000009fa7bf40,0x000000009fa80000)
 Metaspace       used 86801K, committed 88256K, reserved 1179648K
  class space    used 8610K, committed 9344K, reserved 1048576K
}
Event: 102710.852 GC heap before
{Heap before GC invocations=4715 (full 6):
 PSYoungGen      total 2560K, used 2304K [0x00000000d5580000, 0x00000000d5c00000, 0x0000000100000000)
  eden space 2048K, 100% used [0x00000000d5580000,0x00000000d5780000,0x00000000d5780000)
  from space 512K, 50% used [0x00000000d5b00000,0x00000000d5b40000,0x00000000d5b80000)
  to   space 512K, 0% used [0x00000000d5b80000,0x00000000d5b80000,0x00000000d5c00000)
 ParOldGen       total 518656K, used 518639K [0x0000000080000000, 0x000000009fa80000, 0x00000000d5580000)
  object space 518656K, 99% used [0x0000000080000000,0x000000009fa7bf40,0x000000009fa80000)
 Metaspace       used 86801K, committed 88256K, reserved 1179648K
  class space    used 8611K, committed 9344K, reserved 1048576K
}
Event: 102710.860 GC heap after
{Heap after GC invocations=4715 (full 6):
 PSYoungGen      total 2560K, used 464K [0x00000000d5580000, 0x00000000d5c00000, 0x0000000100000000)
  eden space 2048K, 0% used [0x00000000d5580000,0x00000000d5580000,0x00000000d5780000)
  from space 512K, 90% used [0x00000000d5b80000,0x00000000d5bf4010,0x00000000d5c00000)
  to   space 512K, 0% used [0x00000000d5b00000,0x00000000d5b00000,0x00000000d5b80000)
 ParOldGen       total 519168K, used 518671K [0x0000000080000000, 0x000000009fb00000, 0x00000000d5580000)
  object space 519168K, 99% used [0x0000000080000000,0x000000009fa83f40,0x000000009fb00000)
 Metaspace       used 86801K, committed 88256K, reserved 1179648K
  class space    used 8611K, committed 9344K, reserved 1048576K
}
Event: 313819.656 GC heap before
{Heap before GC invocations=4716 (full 6):
 PSYoungGen      total 2560K, used 2512K [0x00000000d5580000, 0x00000000d5c00000, 0x0000000100000000)
  eden space 2048K, 99% used [0x00000000d5580000,0x00000000d577fff0,0x00000000d5780000)
  from space 512K, 90% used [0x00000000d5b80000,0x00000000d5bf4010,0x00000000d5c00000)
  to   space 512K, 0% used [0x00000000d5b00000,0x00000000d5b00000,0x00000000d5b80000)
 ParOldGen       total 519168K, used 518671K [0x0000000080000000, 0x000000009fb00000, 0x00000000d5580000)
  object space 519168K, 99% used [0x0000000080000000,0x000000009fa83f40,0x000000009fb00000)
 Metaspace       used 86802K, committed 88256K, reserved 1179648K
  class space    used 8611K, committed 9344K, reserved 1048576K
}
Event: 313820.291 GC heap after
{Heap after GC invocations=4716 (full 6):
 PSYoungGen      total 2560K, used 224K [0x00000000d5580000, 0x00000000d5c00000, 0x0000000100000000)
  eden space 2048K, 0% used [0x00000000d5580000,0x00000000d5580000,0x00000000d5780000)
  from space 512K, 43% used [0x00000000d5b00000,0x00000000d5b38000,0x00000000d5b80000)
  to   space 512K, 0% used [0x00000000d5b80000,0x00000000d5b80000,0x00000000d5c00000)
 ParOldGen       total 519168K, used 518711K [0x0000000080000000, 0x000000009fb00000, 0x00000000d5580000)
  object space 519168K, 99% used [0x0000000080000000,0x000000009fa8df40,0x000000009fb00000)
 Metaspace       used 86802K, committed 88256K, reserved 1179648K
  class space    used 8611K, committed 9344K, reserved 1048576K
}

